build/outputs/apk/manifest-merger-debug-report.txt
-- Merging decision tree log ---
manifest
ADDED from AndroidManifest.xml:2:1
	xmlns:android
		ADDED from AndroidManifest.xml:2:11
	package
		ADDED from AndroidManifest.xml:3:11
	android:versionName
		ADDED from AndroidManifest.xml:5:11
	android:versionCode
		ADDED from AndroidManifest.xml:4:11
		INJECTED from AndroidManifest.xml:0:0
		INJECTED from AndroidManifest.xml:0:0
supports-screens
ADDED from AndroidManifest.xml:7:3
	android:largeScreens
		ADDED from AndroidManifest.xml:9:5
	android:anyDensity
		ADDED from AndroidManifest.xml:8:5
	android:normalScreens
		ADDED from AndroidManifest.xml:10:5
	android:smallScreens
		ADDED from AndroidManifest.xml:11:5
uses-sdk
ADDED from AndroidManifest.xml:13:3
	android:targetSdkVersion
		ADDED from AndroidManifest.xml:15:5
	android:minSdkVersion
		ADDED from AndroidManifest.xml:14:5
application
ADDED from AndroidManifest.xml:17:3
	android:icon
		ADDED from AndroidManifest.xml:17:16
activity#com.commonsware.android.wc.stack.MainActivity
ADDED from AndroidManifest.xml:18:5
	android:name
		ADDED from AndroidManifest.xml:18:15
intent-filter#android.intent.action.MAIN+android.intent.category.LAUNCHER
ADDED from AndroidManifest.xml:19:7
action#android.intent.action.MAIN
ADDED from AndroidManifest.xml:20:9
	android:name
		ADDED from AndroidManifest.xml:20:17
category#android.intent.category.LAUNCHER
ADDED from AndroidManifest.xml:22:9
	android:name
		ADDED from AndroidManifest.xml:22:19